This is pdfTeX, Version 3.14159265-2.6-1.40.20 (TeX Live 2019/Debian) (preloaded format=pdflatex 2021.3.15)  10 MAY 2021 19:55
entering extended mode
 restricted \write18 enabled.
 %&-line parsing enabled.
**thesis.tex
(./thesis.tex
LaTeX2e <2020-02-02> patch level 2
L3 programming layer <2020-02-14> (./FITthesis.cls
Document Class: FITthesis 2019/12/23 CTU FIT standard class for theses
(/usr/share/texlive/texmf-dist/tex/latex/memoir/memoir.cls
Document Class: memoir 2019/11/21 v3.7j configurable book, report, article docu
ment class
\onelineskip=\skip47
\lxvchars=\skip48
\xlvchars=\skip49
\@memcnta=\count167
\c@@memmarkcntra=\count168
LaTeX Info: Redefining \InputIfFileExists on input line 140.
(/usr/share/texlive/texmf-dist/tex/generic/iftex/iftex.sty
Package: iftex 2019/11/07 v1.0c TeX engine tests
)
\stockheight=\skip50
\stockwidth=\skip51
\trimtop=\skip52
\trimedge=\skip53

(/usr/share/texlive/texmf-dist/tex/latex/memoir/mem11.clo
File: mem11.clo 2008/01/30 v0.3 memoir class 11pt size option
)
\binding=\skip54
\spinemargin=\skip55
\foremargin=\skip56
\uppermargin=\skip57
\lowermargin=\skip58
\headdrop=\skip59
\normalrulethickness=\skip60
\mem@maxheadheight=\skip61
\mem@maxfootheight=\skip62
\headwidth=\skip63
\c@storedpagenumber=\count169
\memPD=\dimen134
\m@mabparskip=\skip64
\thanksmarkwidth=\skip65
\thanksmarksep=\skip66
\droptitle=\skip67
\c@book=\count170
\c@part=\count171
\c@chapter=\count172
\c@section=\count173
\c@subsection=\count174
\c@subsubsection=\count175
\c@paragraph=\count176
\c@subparagraph=\count177
\beforechapskip=\skip68
\midchapskip=\skip69
\afterchapskip=\skip70
\chapindent=\skip71
\bottomsectionskip=\skip72
\secindent=\skip73
\beforesecskip=\skip74
\aftersecskip=\skip75
\subsecindent=\skip76
\beforesubsecskip=\skip77
\aftersubsecskip=\skip78
\subsubsecindent=\skip79
\beforesubsubsecskip=\skip80
\aftersubsubsecskip=\skip81
\paraindent=\skip82
\beforeparaskip=\skip83
\afterparaskip=\skip84
\subparaindent=\skip85
\beforesubparaskip=\skip86
\aftersubparaskip=\skip87
\pfbreakskip=\skip88
\c@@ppsavesec=\count178
\c@@ppsaveapp=\count179
\ragrparindent=\dimen135
\everylistparindent=\dimen136
\parsepi=\skip89
\topsepi=\skip90
\itemsepi=\skip91
\parsepii=\skip92
\topsepii=\skip93
\topsepiii=\skip94
\itemsepii=\skip95
\itemsepiii=\skip96
\partopsepii=\skip97
\partopsepiii=\skip98
\m@msavetopsep=\skip99
\m@msavepartopsep=\skip100
\@enLab=\toks14
\abstitleskip=\skip101
\absleftindent=\skip102
\abs@leftindent=\dimen137
\absrightindent=\skip103
\absparindent=\skip104
\absparsep=\skip105
\c@vslineno=\count180
\c@poemline=\count181
\c@modulo@vs=\count182
\c@memfvsline=\count183
\vleftskip=\skip106
\vrightskip=\skip107
\stanzaskip=\skip108
\versewidth=\skip109
\vgap=\skip110
\vindent=\skip111
\vleftmargin=\dimen138
\c@verse=\count184
\c@chrsinstr=\count185
\beforepoemtitleskip=\skip112
\afterpoemtitleskip=\skip113
\c@poem=\count186
\beforePoemTitleskip=\skip114
\midPoemTitleskip=\skip115
\afterPoemTitleskip=\skip116

(/usr/share/texlive/texmf-dist/tex/latex/tools/array.sty
Package: array 2019/08/31 v2.4l Tabular extension package (FMi)
\col@sep=\dimen139
\ar@mcellbox=\box45
\extrarowheight=\dimen140
\NC@list=\toks15
\extratabsurround=\skip117
\backup@length=\skip118
\ar@cellbox=\box46
)
(/usr/share/texlive/texmf-dist/tex/latex/tools/dcolumn.sty
Package: dcolumn 2014/10/28 v1.06 decimal alignment package (DPC)
)
(/usr/share/texlive/texmf-dist/tex/latex/tools/delarray.sty
Package: delarray 2014/10/28 v1.01 array delimiter package (DPC)
)
(/usr/share/texlive/texmf-dist/tex/latex/tools/tabularx.sty
Package: tabularx 2020/01/15 v2.11c `tabularx' package (DPC)
\TX@col@width=\dimen141
\TX@old@table=\dimen142
\TX@old@col=\dimen143
\TX@target=\dimen144
\TX@delta=\dimen145
\TX@cols=\count187
\TX@ftn=\toks16
)
\heavyrulewidth=\dimen146
\lightrulewidth=\dimen147
\cmidrulewidth=\dimen148
\belowrulesep=\dimen149
\belowbottomsep=\dimen150
\aboverulesep=\dimen151
\abovetopsep=\dimen152
\cmidrulesep=\dimen153
\cmidrulekern=\dimen154
\defaultaddspace=\dimen155
\@cmidla=\count188
\@cmidlb=\count189
\@aboverulesep=\dimen156
\@belowrulesep=\dimen157
\@thisruleclass=\count190
\@lastruleclass=\count191
\@thisrulewidth=\dimen158
\ctableftskip=\skip119
\ctabrightskip=\skip120
\abovecolumnspenalty=\count192
\@linestogo=\count193
\@cellstogo=\count194
\@cellsincolumn=\count195
\crtok=\toks17
\@mincolumnwidth=\dimen159
\c@newflo@tctr=\count196
\mem@margin@floatbox=\box47
\@contcwidth=\skip121
\@contindw=\skip122
\abovecaptionskip=\skip123
\belowcaptionskip=\skip124
\subfloattopskip=\skip125
\subfloatcapskip=\skip126
\subfloatcaptopadj=\skip127
\subfloatbottomskip=\skip128
\subfloatlabelskip=\skip129
\subfloatcapmargin=\dimen160
\c@@contsubnum=\count197
\m@mscap@capbox=\box48
\m@mscap@fbox=\box49
\sidecapsep=\dimen161
\sidecapwidth=\dimen162
\m@m@tempdima=\dimen163
\m@mscapraise=\dimen164
\sidecapraise=\dimen165
\m@mscapmainwidth=\dimen166
\m@mscaplkern=\dimen167
\beforeepigraphskip=\skip130
\afterepigraphskip=\skip131
\epigraphwidth=\skip132
\epigraphrule=\skip133
LaTeX Info: Redefining \em on input line 7662.
LaTeX Info: Redefining \emph on input line 7670.
\tocentryskip=\skip134
\tocbaseline=\skip135
\cftparskip=\skip136
\cftbeforebookskip=\skip137
\cftbookindent=\dimen168
\cftbooknumwidth=\dimen169
\cftbeforepartskip=\skip138
\cftpartindent=\skip139
\cftpartnumwidth=\skip140
\cftbeforechapterskip=\skip141
\cftchapterindent=\skip142
\cftchapternumwidth=\skip143
\cftbeforesectionskip=\skip144
\cftsectionindent=\skip145
\cftsectionnumwidth=\skip146
\cftbeforesubsectionskip=\skip147
\cftsubsectionindent=\skip148
\cftsubsectionnumwidth=\skip149
\cftbeforesubsubsectionskip=\skip150
\cftsubsubsectionindent=\skip151
\cftsubsubsectionnumwidth=\skip152
\cftbeforeparagraphskip=\skip153
\cftparagraphindent=\skip154
\cftparagraphnumwidth=\skip155
\cftbeforesubparagraphskip=\skip156
\cftsubparagraphindent=\skip157
\cftsubparagraphnumwidth=\skip158
\prechapterprecisshift=\dimen170
\c@maxsecnumdepth=\count198
\bibindent=\dimen171
\bibitemsep=\skip159
\indexcolsep=\skip160
\indexrule=\skip161
\indexmarkstyle=\toks18
\@indexbox=\insert199
\glossarycolsep=\dimen172
\glossaryrule=\dimen173
\sideparvshift=\skip162
\sideins=\insert252
\sidebartopsep=\skip163
\sidebarhsep=\skip164
\sidebarvsep=\skip165
\sidebarwidth=\skip166
\footmarkwidth=\skip167
\footmarksep=\skip168
\footparindent=\skip169
\footinsdim=\skip170
\footinsv@r=\insert251
\@mpfootinsv@r=\insert250
\m@m@k=\count266
\m@m@h=\dimen174
\m@mipn@skip=\skip171
\sidefootins=\insert249
\sidefootadjust=\skip172
\sidefootheight=\skip173
\sidefoothsep=\skip174
\sidefootvsep=\skip175
\sidefootwidth=\skip176
\m@mdownsf=\skip177
\c@sidefootnote=\count267
\sidefootmarkwidth=\skip178
\sidefootmarksep=\skip179
\sidefootparindent=\skip180
\c@pagenote=\count268
\c@pagenoteshadow=\count269
\mem@pn@lastkern=\skip181
\every@verbatim=\toks19
\afterevery@verbatim=\toks20
\verbatim@line=\toks21
\tab@position=\count270
\verbatim@in@stream=\read2
\verbatimindent=\skip182
\verbatim@out=\write3
\bvboxsep=\skip183
\c@memfbvline=\count271
\c@bvlinectr=\count272
\bvnumlength=\skip184
\fb@frw=\dimen175
\fb@frh=\dimen176
\FrameRule=\dimen177
\FrameSep=\dimen178
\c@cp@cntr=\count273
LaTeX Info: Redefining \: on input line 12187.
LaTeX Info: Redefining \! on input line 12189.
\c@ism@mctr=\count274
\c@xsm@mctr=\count275
\c@csm@mctr=\count276
\c@ksm@mctr=\count277
\c@xksm@mctr=\count278
\c@cksm@mctr=\count279
\c@msm@mctr=\count280
\c@xmsm@mctr=\count281
\c@cmsm@mctr=\count282
\c@bsm@mctr=\count283
\c@workm@mctr=\count284
\c@sheetsequence=\count285
\c@lastsheet=\count286
\c@lastpage=\count287

(/usr/share/texlive/texmf-dist/tex/latex/textcase/textcase.sty
Package: textcase 2019/09/14 v1.00 Text only upper/lower case changing (DPC)
)
\c@figure=\count288
\c@lofdepth=\count289
\cftbeforefigureskip=\skip185
\cftfigureindent=\skip186
\cftfigurenumwidth=\skip187
\c@table=\count290
\c@lotdepth=\count291
\cftbeforetableskip=\skip188
\cfttableindent=\skip189
\cfttablenumwidth=\skip190
Package abstract [2008/07/23] emulated by memoir.
Package appendix [2008/07/23] emulated by memoir.
Package booktabs [2016/05/16] emulated by memoir.
Package ccaption [2008/07/23] emulated by memoir.
Package changepage [2008/07/23] emulated by memoir.
Package chngcntr [2008/07/23] emulated by memoir.
Package chngpage [2008/07/23] emulated by memoir.
Package crop emulated by memoir.
Package enumerate [2008/07/23] emulated by memoir.
Package epigraph [2008/07/23] emulated by memoir.
Package ifmtarg [2008/07/23] emulated by memoir.
Package index [2008/07/23] emulated by memoir.
Package makeidx [2008/07/23] emulated by memoir.
Package moreverb [2008/07/23] emulated by memoir.
Package mparhack [2008/07/23] emulated by memoir.
Package needspace [2008/07/23] emulated by memoir.
Package newfile [2008/07/23] emulated by memoir.
Package nextpage [2008/07/23] emulated by memoir.
Package pagenote [2008/07/23] emulated by memoir.
Package parskip [2008/07/23] emulated by memoir.
Package patchcmd [2008/07/23] emulated by memoir.
Package setspace [2008/07/23] emulated by memoir.
Package shortvrb [2008/07/23] emulated by memoir.
Package showidx [2008/07/23] emulated by memoir.
Package titleref [2008/07/23] emulated by memoir.
Package titling [2008/07/23] emulated by memoir.
Package tocbibind [2008/07/23] emulated by memoir.
Package tocloft [2008/07/23] emulated by memoir.
Package tocvsec2 [2008/07/23] emulated by memoir.
Package verbatim [2008/07/23] emulated by memoir.
Package verse [2008/07/23] emulated by memoir.
)
(/usr/share/texlive/texmf-dist/tex/generic/babel/babel.sty
Package: babel 2020/02/14 3.40 The Babel package

(/usr/share/texlive/texmf-dist/tex/generic/babel/switch.def
File: switch.def 2020/02/14 3.40 Babel switching mechanism
)
(/usr/share/texlive/texmf-dist/tex/generic/babel-czech/czech.ldf
Language: czech 2008/07/06 v3.1a Czech support from the babel system

(/usr/share/texlive/texmf-dist/tex/generic/babel/babel.def
File: babel.def 2020/02/14 3.40 Babel common definitions
\babel@savecnt=\count292
\U@D=\dimen179

(/usr/share/texlive/texmf-dist/tex/generic/babel/txtbabel.def)
\bbl@readstream=\read3
\bbl@dirlevel=\count293
)
Package babel Info: Making " an active character on input line 172.
\cs@wordlen=\count294
Package babel Info: Making - an active character on input line 226.
)
(/usr/share/texlive/texmf-dist/tex/generic/babel-english/english.ldf
Language: english 2017/06/06 v3.3r English support from the babel system
Package babel Info: \l@canadian = using hyphenrules for english
(babel)             (\language0) on input line 102.
Package babel Info: \l@australian = using hyphenrules for ukenglish
(babel)             (\language20) on input line 105.
Package babel Info: \l@newzealand = using hyphenrules for ukenglish
(babel)             (\language20) on input line 108.
)
(/usr/share/texlive/texmf-dist/tex/generic/babel-english/english.ldf
Language: english 2017/06/06 v3.3r English support from the babel system
))
(/usr/share/texlive/texmf-dist/tex/latex/hyperref/hyperref.sty
Package: hyperref 2020/01/14 v7.00d Hypertext links for LaTeX

(/usr/share/texlive/texmf-dist/tex/generic/ltxcmds/ltxcmds.sty
Package: ltxcmds 2019/12/15 v1.24 LaTeX kernel commands for general use (HO)
)
(/usr/share/texlive/texmf-dist/tex/latex/pdftexcmds/pdftexcmds.sty
Package: pdftexcmds 2019/11/24 v0.31 Utility functions of pdfTeX for LuaTeX (HO
)

(/usr/share/texlive/texmf-dist/tex/generic/infwarerr/infwarerr.sty
Package: infwarerr 2019/12/03 v1.5 Providing info/warning/error messages (HO)
)
Package pdftexcmds Info: \pdf@primitive is available.
Package pdftexcmds Info: \pdf@ifprimitive is available.
Package pdftexcmds Info: \pdfdraftmode found.
)
(/usr/share/texlive/texmf-dist/tex/latex/graphics/keyval.sty
Package: keyval 2014/10/28 v1.15 key=value parser (DPC)
\KV@toks@=\toks22
)
(/usr/share/texlive/texmf-dist/tex/generic/kvsetkeys/kvsetkeys.sty
Package: kvsetkeys 2019/12/15 v1.18 Key value parser (HO)
)
(/usr/share/texlive/texmf-dist/tex/generic/kvdefinekeys/kvdefinekeys.sty
Package: kvdefinekeys 2019-12-19 v1.6 Define keys (HO)
)
(/usr/share/texlive/texmf-dist/tex/generic/pdfescape/pdfescape.sty
Package: pdfescape 2019/12/09 v1.15 Implements pdfTeX's escape features (HO)
)
(/usr/share/texlive/texmf-dist/tex/latex/hycolor/hycolor.sty
Package: hycolor 2020-01-27 v1.10 Color options for hyperref/bookmark (HO)
)
(/usr/share/texlive/texmf-dist/tex/latex/letltxmacro/letltxmacro.sty
Package: letltxmacro 2019/12/03 v1.6 Let assignment for LaTeX macros (HO)
)
(/usr/share/texlive/texmf-dist/tex/latex/auxhook/auxhook.sty
Package: auxhook 2019-12-17 v1.6 Hooks for auxiliary files (HO)
)
(/usr/share/texlive/texmf-dist/tex/latex/kvoptions/kvoptions.sty
Package: kvoptions 2019/11/29 v3.13 Key value format for package options (HO)
)
\@linkdim=\dimen180
\Hy@linkcounter=\count295
\Hy@pagecounter=\count296

(/usr/share/texlive/texmf-dist/tex/latex/hyperref/pd1enc.def
File: pd1enc.def 2020/01/14 v7.00d Hyperref: PDFDocEncoding definition (HO)
Now handling font encoding PD1 ...
... no UTF-8 mapping file for font encoding PD1
)
(/usr/share/texlive/texmf-dist/tex/generic/intcalc/intcalc.sty
Package: intcalc 2019/12/15 v1.3 Expandable calculations with integers (HO)
)
(/usr/share/texlive/texmf-dist/tex/generic/etexcmds/etexcmds.sty
Package: etexcmds 2019/12/15 v1.7 Avoid name clashes with e-TeX commands (HO)
)
\Hy@SavedSpaceFactor=\count297
\pdfmajorversion=\count298
Package hyperref Info: Option `unicode' set `true' on input line 4421.

(/usr/share/texlive/texmf-dist/tex/latex/hyperref/puenc.def
File: puenc.def 2020/01/14 v7.00d Hyperref: PDF Unicode definition (HO)
Now handling font encoding PU ...
... no UTF-8 mapping file for font encoding PU
)
Package hyperref Info: Option `pdfusetitle' set `true' on input line 4421.
Package hyperref Info: Hyper figures OFF on input line 4547.
Package hyperref Info: Link nesting OFF on input line 4552.
Package hyperref Info: Hyper index ON on input line 4555.
Package hyperref Info: Plain pages OFF on input line 4562.
Package hyperref Info: Backreferencing OFF on input line 4567.
Package hyperref Info: Implicit mode ON; LaTeX internals redefined.
Package hyperref Info: Bookmarks ON on input line 4800.
\c@Hy@tempcnt=\count299

(/usr/share/texlive/texmf-dist/tex/latex/url/url.sty
\Urlmuskip=\muskip16
Package: url 2013/09/16  ver 3.4  Verb mode for urls, etc.
)
LaTeX Info: Redefining \url on input line 5159.
\XeTeXLinkMargin=\dimen181

(/usr/share/texlive/texmf-dist/tex/generic/bitset/bitset.sty
Package: bitset 2019/12/09 v1.3 Handle bit-vector datatype (HO)

(/usr/share/texlive/texmf-dist/tex/generic/bigintcalc/bigintcalc.sty
Package: bigintcalc 2019/12/15 v1.5 Expandable calculations on big integers (HO
)
))
\Fld@menulength=\count300
\Field@Width=\dimen182
\Fld@charsize=\dimen183
Package hyperref Info: Hyper figures OFF on input line 6430.
Package hyperref Info: Link nesting OFF on input line 6435.
Package hyperref Info: Hyper index ON on input line 6438.
Package hyperref Info: backreferencing OFF on input line 6445.
Package hyperref Info: Link coloring OFF on input line 6450.
Package hyperref Info: Link coloring with OCG OFF on input line 6455.
Package hyperref Info: PDF/A mode OFF on input line 6460.
LaTeX Info: Redefining \ref on input line 6500.
LaTeX Info: Redefining \pageref on input line 6504.

(/usr/share/texlive/texmf-dist/tex/generic/atbegshi/atbegshi.sty
Package: atbegshi 2019/12/05 v1.19 At begin shipout hook (HO)
)
\Hy@abspage=\count301
\c@Item=\count302
\c@Hfootnote=\count303
)
(/usr/share/texlive/texmf-dist/tex/latex/memoir/memhfixc.sty
Package: memhfixc 2019/10/24 v1.18 nameref/hyperref package fixes for memoir cl
ass
\c@memhycontfloat=\count304
\c@Hpagenote=\count305
)
Package hyperref Info: Driver (autodetected): hpdftex.

(/usr/share/texlive/texmf-dist/tex/latex/hyperref/hpdftex.def
File: hpdftex.def 2020/01/14 v7.00d Hyperref driver for pdfTeX

(/usr/share/texlive/texmf-dist/tex/latex/atveryend/atveryend.sty
Package: atveryend 2019-12-11 v1.11 Hooks at the very end of document (HO)
Package atveryend Info: \enddocument detected (standard20110627).
)
\Fld@listcount=\count306
\c@bookmark@seq@number=\count307

(/usr/share/texlive/texmf-dist/tex/latex/rerunfilecheck/rerunfilecheck.sty
Package: rerunfilecheck 2019/12/05 v1.9 Rerun checks for auxiliary files (HO)

(/usr/share/texlive/texmf-dist/tex/generic/uniquecounter/uniquecounter.sty
Package: uniquecounter 2019/12/15 v1.4 Provide unlimited unique counter (HO)
)
Package uniquecounter Info: New unique counter `rerunfilecheck' on input line 2
86.
)
\Hy@SectionHShift=\skip191
)
(/usr/share/texlive/texmf-dist/tex/latex/ellipsis/ellipsis.sty
Package: ellipsis 2004/9/28 v1.6 ellipsis: fixes spacing around \dots 

(/usr/share/texlive/texmf-dist/tex/latex/tools/xspace.sty
Package: xspace 2014/10/28 v1.13 Space after command names (DPC,MH)
))
(/usr/share/texmf/tex/latex/lm/lmodern.sty
Package: lmodern 2009/10/30 v1.6 Latin Modern Fonts
LaTeX Font Info:    Overwriting symbol font `operators' in version `normal'
(Font)                  OT1/cmr/m/n --> OT1/lmr/m/n on input line 22.
LaTeX Font Info:    Overwriting symbol font `letters' in version `normal'
(Font)                  OML/cmm/m/it --> OML/lmm/m/it on input line 23.
LaTeX Font Info:    Overwriting symbol font `symbols' in version `normal'
(Font)                  OMS/cmsy/m/n --> OMS/lmsy/m/n on input line 24.
LaTeX Font Info:    Overwriting symbol font `largesymbols' in version `normal'
(Font)                  OMX/cmex/m/n --> OMX/lmex/m/n on input line 25.
LaTeX Font Info:    Overwriting symbol font `operators' in version `bold'
(Font)                  OT1/cmr/bx/n --> OT1/lmr/bx/n on input line 26.
LaTeX Font Info:    Overwriting symbol font `letters' in version `bold'
(Font)                  OML/cmm/b/it --> OML/lmm/b/it on input line 27.
LaTeX Font Info:    Overwriting symbol font `symbols' in version `bold'
(Font)                  OMS/cmsy/b/n --> OMS/lmsy/b/n on input line 28.
LaTeX Font Info:    Overwriting symbol font `largesymbols' in version `bold'
(Font)                  OMX/cmex/m/n --> OMX/lmex/m/n on input line 29.
LaTeX Font Info:    Overwriting math alphabet `\mathbf' in version `normal'
(Font)                  OT1/cmr/bx/n --> OT1/lmr/bx/n on input line 31.
LaTeX Font Info:    Overwriting math alphabet `\mathsf' in version `normal'
(Font)                  OT1/cmss/m/n --> OT1/lmss/m/n on input line 32.
LaTeX Font Info:    Overwriting math alphabet `\mathit' in version `normal'
(Font)                  OT1/cmr/m/it --> OT1/lmr/m/it on input line 33.
LaTeX Font Info:    Overwriting math alphabet `\mathtt' in version `normal'
(Font)                  OT1/cmtt/m/n --> OT1/lmtt/m/n on input line 34.
LaTeX Font Info:    Overwriting math alphabet `\mathbf' in version `bold'
(Font)                  OT1/cmr/bx/n --> OT1/lmr/bx/n on input line 35.
LaTeX Font Info:    Overwriting math alphabet `\mathsf' in version `bold'
(Font)                  OT1/cmss/bx/n --> OT1/lmss/bx/n on input line 36.
LaTeX Font Info:    Overwriting math alphabet `\mathit' in version `bold'
(Font)                  OT1/cmr/bx/it --> OT1/lmr/bx/it on input line 37.
LaTeX Font Info:    Overwriting math alphabet `\mathtt' in version `bold'
(Font)                  OT1/cmtt/m/n --> OT1/lmtt/m/n on input line 38.
)
(/usr/share/texlive/texmf-dist/tex/latex/graphics/graphicx.sty
Package: graphicx 2019/11/30 v1.2a Enhanced LaTeX Graphics (DPC,SPQR)

(/usr/share/texlive/texmf-dist/tex/latex/graphics/graphics.sty
Package: graphics 2019/11/30 v1.4a Standard LaTeX Graphics (DPC,SPQR)

(/usr/share/texlive/texmf-dist/tex/latex/graphics/trig.sty
Package: trig 2016/01/03 v1.10 sin cos tan (DPC)
)
(/usr/share/texlive/texmf-dist/tex/latex/graphics-cfg/graphics.cfg
File: graphics.cfg 2016/06/04 v1.11 sample graphics configuration
)
Package graphics Info: Driver file: pdftex.def on input line 105.

(/usr/share/texlive/texmf-dist/tex/latex/graphics-def/pdftex.def
File: pdftex.def 2018/01/08 v1.0l Graphics/color driver for pdftex
))
\Gin@req@height=\dimen184
\Gin@req@width=\dimen185
)
(/usr/share/texlive/texmf-dist/tex/latex/etoolbox/etoolbox.sty
Package: etoolbox 2019/09/21 v2.5h e-TeX tools for LaTeX (JAW)
\etb@tempcnta=\count308
)

******************************************************
Stock height and width: 845.04684pt by 597.50787pt
Top and edge trims: 0pt and 0pt
Page height and width: 845.04684pt by 597.50787pt
Text height and width: 595.80026pt by 369pt
Spine and edge margins: 113.81102pt and 114.69685pt
Upper and lower margins: 126.74379pt and 122.50279pt
Headheight and headsep: 13.6pt and 19.8738pt
Footskip: 27.46295pt
Columnsep and columnseprule: 10pt and 0pt
Marginparsep and marginparwidth: 7pt and 100.69685pt
Sidecapsep and sidecapwidth: 7pt and 101pt
Sidebarhsep and sidebarwidth: 7pt and 101pt
Sidebarvsep and sidebartopsep: 13.6pt and 0pt
Sidebarheight: 594.32022pt
Sidefoothsep and sidefootwidth: 7pt and 101pt
Sidefootvsep and sidefootheight: 13.6pt and 594.32022pt
******************************************************

) (/usr/share/texlive/texmf-dist/tex/generic/dirtree/dirtree.sty
Package: dirtree 2012/12/11 v0.32 package wrapper for dirtree

(/usr/share/texlive/texmf-dist/tex/generic/dirtree/dirtree.tex
`dirtree' v0.32, 2012/12/11 (jcc)
\DT@offset=\dimen186
\DT@width=\dimen187
\DT@sep=\dimen188
\DT@all=\dimen189
\DT@rulewidth=\dimen190
\DT@dotwidth=\dimen191
\DTbaselineskip=\dimen192
\DT@counti=\count309
\DT@countii=\count310
\DT@countiii=\count311
\DT@countiv=\count312
\DT@indent=\dimen193
\DT@parskip=\dimen194
\DT@baselineskip=\dimen195
)
File: dirtree.tex 2012/12/11 v0.32 `dirtree' (jcc)
)
(/usr/share/texlive/texmf-dist/tex/latex/base/fontenc.sty
Package: fontenc 2020/02/11 v2.0o Standard LaTeX package
LaTeX Font Info:    Trying to load font information for T1+lmr on input line 11
2.

(/usr/share/texmf/tex/latex/lm/t1lmr.fd
File: t1lmr.fd 2009/10/30 v1.6 Font defs for Latin Modern
))
(/usr/share/texlive/texmf-dist/tex/latex/float/float.sty
Package: float 2001/11/08 v1.3d Float enhancements (AL)
\c@float@type=\count313
\float@exts=\toks23
\float@box=\box50
\@float@everytoks=\toks24
\@floatcapt=\box51
)
(/usr/share/texlive/texmf-dist/tex/latex/pdfpages/pdfpages.sty
Package: pdfpages 2020/01/28 v0.5q Insert pages of external PDF documents (AM)

(/usr/share/texlive/texmf-dist/tex/latex/base/ifthen.sty
Package: ifthen 2014/09/29 v1.1c Standard LaTeX ifthen package (DPC)
)
(/usr/share/texlive/texmf-dist/tex/latex/tools/calc.sty
Package: calc 2017/05/25 v4.3 Infix arithmetic (KKT,FJ)
\calc@Acount=\count314
\calc@Bcount=\count315
\calc@Adimen=\dimen196
\calc@Bdimen=\dimen197
\calc@Askip=\skip192
\calc@Bskip=\skip193
LaTeX Info: Redefining \setlength on input line 80.
LaTeX Info: Redefining \addtolength on input line 81.
\calc@Ccount=\count316
\calc@Cskip=\skip194
)
(/usr/share/texlive/texmf-dist/tex/latex/eso-pic/eso-pic.sty
Package: eso-pic 2018/04/12 v2.0h eso-pic (RN)

(/usr/share/texlive/texmf-dist/tex/latex/xcolor/xcolor.sty
Package: xcolor 2016/05/11 v2.12 LaTeX color extensions (UK)

(/usr/share/texlive/texmf-dist/tex/latex/graphics-cfg/color.cfg
File: color.cfg 2016/01/02 v1.6 sample color configuration
)
Package xcolor Info: Driver file: pdftex.def on input line 225.
Package xcolor Info: Model `cmy' substituted by `cmy0' on input line 1348.
Package xcolor Info: Model `hsb' substituted by `rgb' on input line 1352.
Package xcolor Info: Model `RGB' extended on input line 1364.
Package xcolor Info: Model `HTML' substituted by `rgb' on input line 1366.
Package xcolor Info: Model `Hsb' substituted by `hsb' on input line 1367.
Package xcolor Info: Model `tHsb' substituted by `hsb' on input line 1368.
Package xcolor Info: Model `HSB' substituted by `hsb' on input line 1369.
Package xcolor Info: Model `Gray' substituted by `gray' on input line 1370.
Package xcolor Info: Model `wave' substituted by `hsb' on input line 1371.
))
\AM@pagewidth=\dimen198
\AM@pageheight=\dimen256

(/usr/share/texlive/texmf-dist/tex/latex/pdfpages/pppdftex.def
File: pppdftex.def 2020/01/28 v0.5q Pdfpages driver for pdfTeX (AM)
)
\AM@pagebox=\box52
\AM@global@opts=\toks25
\AM@pagecnt=\count317
\AM@toc@title=\toks26
\c@AM@survey=\count318
\AM@templatesizebox=\box53
)
(/usr/share/texlive/texmf-dist/tex/latex/l3backend/l3backend-pdfmode.def
File: l3backend-pdfmode.def 2020-02-03 L3 backend support: PDF mode
\l__kernel_color_stack_int=\count319
\l__pdf_internal_box=\box54
)
(./thesis.aux)
\openout1 = `thesis.aux'.

LaTeX Font Info:    Checking defaults for OML/cmm/m/it on input line 58.
LaTeX Font Info:    ... okay on input line 58.
LaTeX Font Info:    Checking defaults for OMS/cmsy/m/n on input line 58.
LaTeX Font Info:    ... okay on input line 58.
LaTeX Font Info:    Checking defaults for OT1/cmr/m/n on input line 58.
LaTeX Font Info:    ... okay on input line 58.
LaTeX Font Info:    Checking defaults for T1/cmr/m/n on input line 58.
LaTeX Font Info:    ... okay on input line 58.
LaTeX Font Info:    Checking defaults for TS1/cmr/m/n on input line 58.
LaTeX Font Info:    ... okay on input line 58.
LaTeX Font Info:    Checking defaults for OMX/cmex/m/n on input line 58.
LaTeX Font Info:    ... okay on input line 58.
LaTeX Font Info:    Checking defaults for U/cmr/m/n on input line 58.
LaTeX Font Info:    ... okay on input line 58.
LaTeX Font Info:    Checking defaults for PD1/pdf/m/n on input line 58.
LaTeX Font Info:    ... okay on input line 58.
LaTeX Font Info:    Checking defaults for PU/pdf/m/n on input line 58.
LaTeX Font Info:    ... okay on input line 58.
\AtBeginShipoutBox=\box55
Package hyperref Info: Link coloring OFF on input line 58.
 (/usr/share/texlive/texmf-dist/tex/latex/hyperref/nameref.sty
Package: nameref 2019/09/16 v2.46 Cross-referencing by name of section

(/usr/share/texlive/texmf-dist/tex/latex/refcount/refcount.sty
Package: refcount 2019/12/15 v3.6 Data extraction from label references (HO)
)
(/usr/share/texlive/texmf-dist/tex/generic/gettitlestring/gettitlestring.sty
Package: gettitlestring 2019/12/15 v1.6 Cleanup title references (HO)
)
\c@section@level=\count320
)
Redoing nameref's sectioning
Redoing nameref's label
LaTeX Info: Redefining \nameref on input line 58.
LaTeX Info: Redefining \ref on input line 58.
LaTeX Info: Redefining \pageref on input line 58.
LaTeX Info: Redefining \nameref on input line 58.
(./thesis.out) (./thesis.out)
\@outlinefile=\write4
\openout4 = `thesis.out'.

LaTeX Info: Redefining \dots on input line 58.

(/usr/share/texlive/texmf-dist/tex/context/base/mkii/supp-pdf.mkii
[Loading MPS to PDF converter (version 2006.09.02).]
\scratchcounter=\count321
\scratchdimen=\dimen257
\scratchbox=\box56
\nofMPsegments=\count322
\nofMParguments=\count323
\everyMPshowfont=\toks27
\MPscratchCnt=\count324
\MPscratchDim=\dimen258
\MPnumerator=\count325
\makeMPintoPDFobject=\count326
\everyMPtoPDFconversion=\toks28
) (/usr/share/texlive/texmf-dist/tex/latex/epstopdf-pkg/epstopdf-base.sty
Package: epstopdf-base 2020-01-24 v2.11 Base part for package epstopdf
Package epstopdf-base Info: Redefining graphics rule for `.eps' on input line 4
85.

(/usr/share/texlive/texmf-dist/tex/latex/latexconfig/epstopdf-sys.cfg
File: epstopdf-sys.cfg 2010/07/13 v1.3 Configuration of (r)epstopdf for TeX Liv
e
))
(/usr/share/texlive/texmf-dist/tex/latex/pdflscape/pdflscape.sty
Package: pdflscape 2019/12/05 v0.12 Display of landscape pages in PDF (HO)

(/usr/share/texlive/texmf-dist/tex/latex/graphics/lscape.sty
Package: lscape 2000/10/22 v3.01 Landscape Pages (DPC)
)
Package pdflscape Info: Auto-detected driver: pdftex on input line 81.
)
<zadani.pdf, id=289, 597.19106pt x 846.0408pt>
File: zadani.pdf Graphic file (type pdf)
<use zadani.pdf>
Package pdftex.def Info: zadani.pdf  used on input line 58.
(pdftex.def)             Requested size: 597.1896pt x 846.03874pt.
File: zadani.pdf Graphic file (type pdf)
<use zadani.pdf>
Package pdftex.def Info: zadani.pdf  used on input line 58.
(pdftex.def)             Requested size: 597.1896pt x 846.03874pt.
<zadani.pdf, id=292, page=1, 597.19106pt x 846.0408pt>
File: zadani.pdf Graphic file (type pdf)
<use zadani.pdf, page 1>
Package pdftex.def Info: zadani.pdf , page1 used on input line 58.
(pdftex.def)             Requested size: 597.1896pt x 846.03874pt.
File: zadani.pdf Graphic file (type pdf)
<use zadani.pdf, page 1>
Package pdftex.def Info: zadani.pdf , page1 used on input line 58.
(pdftex.def)             Requested size: 596.51527pt x 845.08344pt.
File: zadani.pdf Graphic file (type pdf)
<use zadani.pdf, page 1>
Package pdftex.def Info: zadani.pdf , page1 used on input line 58.
(pdftex.def)             Requested size: 596.51527pt x 845.08344pt.
File: zadani.pdf Graphic file (type pdf)
<use zadani.pdf, page 1>
Package pdftex.def Info: zadani.pdf , page1 used on input line 58.
(pdftex.def)             Requested size: 596.51527pt x 845.08344pt.
File: zadani.pdf Graphic file (type pdf)
<use zadani.pdf, page 1>
Package pdftex.def Info: zadani.pdf , page1 used on input line 58.
(pdftex.def)             Requested size: 596.51527pt x 845.08344pt.
 [1

 <./zadani.pdf>] [2

]
<cvut-logo-bw-en.pdf, id=316, 591.64943pt x 193.23091pt>
File: cvut-logo-bw-en.pdf Graphic file (type pdf)
<use cvut-logo-bw-en.pdf>
Package pdftex.def Info: cvut-logo-bw-en.pdf  used on input line 58.
(pdftex.def)             Requested size: 184.5pt x 60.25772pt.
 [1

{/var/lib/texmf/fonts/map/pdftex/updmap/pdftex.map} <./cvut-logo-bw-en.pdf>] [2

]

LaTeX Font Warning: Font shape `T1/lmr/bx/sc' undefined
(Font)              using `T1/lmr/bx/n' instead on input line 58.

LaTeX Font Info:    Trying to load font information for T1+lmss on input line 5
8.
(/usr/share/texmf/tex/latex/lm/t1lmss.fd
File: t1lmss.fd 2009/10/30 v1.6 Font defs for Latin Modern
)

LaTeX Font Warning: Font shape `T1/lmss/bx/sc' undefined
(Font)              using `T1/lmss/bx/n' instead on input line 58.

[3

]
LaTeX Font Info:    Trying to load font information for TS1+lmr on input line 5
8.
 (/usr/share/texmf/tex/latex/lm/ts1lmr.fd
File: ts1lmr.fd 2009/10/30 v1.6 Font defs for Latin Modern
) [4

] [5

] [6

] (./thesis.toc
LaTeX Font Info:    Trying to load font information for OT1+lmr on input line 8
.

(/usr/share/texmf/tex/latex/lm/ot1lmr.fd
File: ot1lmr.fd 2009/10/30 v1.6 Font defs for Latin Modern
)
LaTeX Font Info:    Trying to load font information for OML+lmm on input line 8
.

(/usr/share/texmf/tex/latex/lm/omllmm.fd
File: omllmm.fd 2009/10/30 v1.6 Font defs for Latin Modern
)
LaTeX Font Info:    Trying to load font information for OMS+lmsy on input line 
8.

(/usr/share/texmf/tex/latex/lm/omslmsy.fd
File: omslmsy.fd 2009/10/30 v1.6 Font defs for Latin Modern
)
LaTeX Font Info:    Trying to load font information for OMX+lmex on input line 
8.

(/usr/share/texmf/tex/latex/lm/omxlmex.fd
File: omxlmex.fd 2009/10/30 v1.6 Font defs for Latin Modern
)
LaTeX Font Info:    External font `lmex10' loaded for size
(Font)              <10.95> on input line 8.
LaTeX Font Info:    External font `lmex10' loaded for size
(Font)              <8> on input line 8.
LaTeX Font Info:    External font `lmex10' loaded for size
(Font)              <6> on input line 8.
 [7

] [8]) [9] [10

] (./thesis.lof)
[11] [12

]
Underfull \vbox (badness 4647) has occurred while \output is active []

pdfTeX warning (ext4): destination with the same identifier (name{page.1}) has 
been already used, duplicate ignored
<to be read again> 
                   \relax 
l.83 
      [1


]pdfTeX warning (ext4): destination with the same identifier (name{page.2}) has
 been already used, duplicate ignored
<to be read again> 
                   \relax 
l.86 \chapter
             {Architecture of LearnShell} [2] [3

] [4] [5] [6]
Underfull \vbox (badness 1248) has occurred while \output is active []

 [7]
[8] [9] [10

]
<./images/virtualization.png, id=547, 517.935pt x 453.695pt>
File: ./images/virtualization.png Graphic file (type png)
<use ./images/virtualization.png>
Package pdftex.def Info: ./images/virtualization.png  used on input line 206.
(pdftex.def)             Requested size: 388.45029pt x 340.27042pt.

Overfull \hbox (10.5027pt too wide) in paragraph at lines 205--207
 []|  [] 
 []


Underfull \vbox (badness 10000) has occurred while \output is active []

 [11]
[12pdfTeX warning (ext4): destination with the same identifier (name{figure.2.1
}) has been already used, duplicate ignored

\AtBegShi@Output ...ipout \box \AtBeginShipoutBox 
                                                  \fi \fi 
l.211 I
       deas of creating some sort of abstraction appeared in the sixties whe...
 <./images/virtualization.png>]
<./images/containerization.png, id=562, 539.01375pt x 451.6875pt>
File: ./images/containerization.png Graphic file (type png)
<use ./images/containerization.png>
Package pdftex.def Info: ./images/containerization.png  used on input line 226.

(pdftex.def)             Requested size: 404.25931pt x 338.76479pt.

Overfull \hbox (19.19853pt too wide) in paragraph at lines 225--227
 []|  [] 
 []


Underfull \vbox (badness 10000) has occurred while \output is active []

 [13]
[14pdfTeX warning (ext4): destination with the same identifier (name{figure.2.2
}) has been already used, duplicate ignored

\AtBegShi@Output ...ipout \box \AtBeginShipoutBox 
                                                  \fi \fi 
l.232 
       <./images/containerization.png>] [15] [16] [17] [18]
<./images/kube-architecture.png, id=615, 977.6525pt x 560.0925pt>
File: ./images/kube-architecture.png Graphic file (type png)
<use ./images/kube-architecture.png>
Package pdftex.def Info: ./images/kube-architecture.png  used on input line 302
.
(pdftex.def)             Requested size: 488.82506pt x 280.04556pt.

Overfull \hbox (65.35289pt too wide) in paragraph at lines 301--303
 []|  [] 
 []


Underfull \vbox (badness 10000) has occurred while \output is active []

 [19]
[20pdfTeX warning (ext4): destination with the same identifier (name{figure.2.3
}) has been already used, duplicate ignored

\AtBegShi@Output ...ipout \box \AtBeginShipoutBox 
                                                  \fi \fi 
l.312   \item \textbf
                     {etcd} is a highly complex component that stores the cu...
 <./images/kube-architecture.png>] [21] [22] [23] [24] [25

]
Underfull \vbox (badness 10000) has occurred while \output is active []

 [26]
[27] [28]
Underfull \vbox (badness 10000) has occurred while \output is active []

 [29]
LaTeX Font Info:    Trying to load font information for T1+lmtt on input line 4
30.

(/usr/share/texmf/tex/latex/lm/t1lmtt.fd
File: t1lmtt.fd 2009/10/30 v1.6 Font defs for Latin Modern
) [30]
<./images/cicd.png, id=691, 1626.075pt x 610.28pt>
File: ./images/cicd.png Graphic file (type png)
<use ./images/cicd.png>
Package pdftex.def Info: ./images/cicd.png  used on input line 456.
(pdftex.def)             Requested size: 487.82626pt x 183.0854pt.

Overfull \hbox (64.3541pt too wide) in paragraph at lines 455--457
 []|  [] 
 []

[31]
<./images/learnshell-cicd.png, id=699, 794.97pt x 614.295pt>
File: ./images/learnshell-cicd.png Graphic file (type png)
<use ./images/learnshell-cicd.png>
Package pdftex.def Info: ./images/learnshell-cicd.png  used on input line 476.
(pdftex.def)             Requested size: 556.4752pt x 430.00356pt.

Overfull \hbox (87.47845pt too wide) in paragraph at lines 475--477
 []|  [] 
 []

[32pdfTeX warning (ext4): destination with the same identifier (name{figure.3.1
}) has been already used, duplicate ignored

\AtBegShi@Output ...ipout \box \AtBeginShipoutBox 
                                                  \fi \fi 
l.478 
       <./images/cicd.png>] [33pdfTeX warning (ext4): destination with the same
 identifier (name{figure.3.2}) has been already used, duplicate ignored

\AtBegShi@Output ...ipout \box \AtBeginShipoutBox 
                                                  \fi \fi 
l.487 \end{enumerate}
                      <./images/learnshell-cicd.png>] [34] [35

]
<./images/tree.png, id=725, 342.27875pt x 569.12625pt>
File: ./images/tree.png Graphic file (type png)
<use ./images/tree.png>
Package pdftex.def Info: ./images/tree.png  used on input line 525.
(pdftex.def)             Requested size: 171.13895pt x 284.56242pt.

Underfull \vbox (badness 10000) has occurred while \output is active []

 [36]
[37pdfTeX warning (ext4): destination with the same identifier (name{figure.4.1
}) has been already used, duplicate ignored

\AtBegShi@Output ...ipout \box \AtBeginShipoutBox 
                                                  \fi \fi 
l.532 
       <./images/tree.png>] [38]
<./images/build-help.png, id=740, 831.105pt x 84.315pt>
File: ./images/build-help.png Graphic file (type png)
<use ./images/build-help.png>
Package pdftex.def Info: ./images/build-help.png  used on input line 556.
(pdftex.def)             Requested size: 415.55148pt x 42.15738pt.

Overfull \hbox (34.75845pt too wide) in paragraph at lines 555--557
 []|  [] 
 []

<./images/build-clean.png, id=741, 896.34875pt x 322.20375pt>
File: ./images/build-clean.png Graphic file (type png)
<use ./images/build-clean.png>
Package pdftex.def Info: ./images/build-clean.png  used on input line 566.
(pdftex.def)             Requested size: 448.17328pt x 161.10147pt.

Overfull \hbox (67.38025pt too wide) in paragraph at lines 565--567
 []|  [] 
 []

<./images/build-namespace.png, id=742, 845.1575pt x 208.78pt>
File: ./images/build-namespace.png Graphic file (type png)
<use ./images/build-namespace.png>
Package pdftex.def Info: ./images/build-namespace.png  used on input line 578.
(pdftex.def)             Requested size: 422.57771pt x 104.38972pt.

Overfull \hbox (41.78468pt too wide) in paragraph at lines 577--579
 []|  [] 
 []


Underfull \vbox (badness 4366) has occurred while \output is active []

 [39 <./images/build-help.png> <./images/build-clean.png>]
<./images/build-helm1.png, id=747, 707.64375pt x 87.32625pt>
File: ./images/build-helm1.png Graphic file (type png)
<use ./images/build-helm1.png>
Package pdftex.def Info: ./images/build-helm1.png  used on input line 588.
(pdftex.def)             Requested size: 353.82101pt x 43.66301pt.
<./images/build-helm2.png, id=748, 846.16125pt x 165.61874pt>
File: ./images/build-helm2.png Graphic file (type png)
<use ./images/build-helm2.png>
Package pdftex.def Info: ./images/build-helm2.png  used on input line 594.
(pdftex.def)             Requested size: 423.07959pt x 82.80916pt.

Overfull \hbox (42.28656pt too wide) in paragraph at lines 593--595
 []|  [] 
 []

<./images/build-kube1.png, id=749, 692.5875pt x 102.3825pt>
File: ./images/build-kube1.png Graphic file (type png)
<use ./images/build-kube1.png>
Package pdftex.def Info: ./images/build-kube1.png  used on input line 602.
(pdftex.def)             Requested size: 346.2929pt x 51.19112pt.
[40 <./images/build-namespace.png> <./images/build-helm1.png> <./images/build-h
elm2.png> <./images/build-kube1.png>]
<./images/build-kube2.png, id=754, 824.07875pt x 61.22874pt>
File: ./images/build-kube2.png Graphic file (type png)
<use ./images/build-kube2.png>
Package pdftex.def Info: ./images/build-kube2.png  used on input line 610.
(pdftex.def)             Requested size: 412.03836pt x 30.61429pt.

Overfull \hbox (31.24533pt too wide) in paragraph at lines 609--611
 []|  [] 
 []

<./images/build-kube3.png, id=755, 903.375pt x 81.30376pt>
File: ./images/build-kube3.png Graphic file (type png)
<use ./images/build-kube3.png>
Package pdftex.def Info: ./images/build-kube3.png  used on input line 618.
(pdftex.def)             Requested size: 451.6864pt x 40.65176pt.

Overfull \hbox (70.89337pt too wide) in paragraph at lines 617--619
 []|  [] 
 []

<./images/deployment-diagram.png, id=756, 1116.17pt x 1591.9475pt>
File: ./images/deployment-diagram.png Graphic file (type png)
<use ./images/deployment-diagram.png>
Package pdftex.def Info: ./images/deployment-diagram.png  used on input line 63
1.
(pdftex.def)             Requested size: 558.08363pt x 795.9718pt.

Overfull \hbox (134.61147pt too wide) in paragraph at lines 630--632
 []|  [] 
 []


Underfull \vbox (badness 10000) has occurred while \output is active []

 [41 <./images/build-kube2.png> <./images/build-kube3.png>]
Overfull \vbox (221.10068pt too high) has occurred while \output is active []


[42pdfTeX warning (ext4): destination with the same identifier (name{figure.4.2
}) has been already used, duplicate ignored

\AtBegShi@Output ...ipout \box \AtBeginShipoutBox 
                                                  \fi \fi 
l.633 
       <./images/deployment-diagram.png>]
<./images/deploy-backend1.png, id=767, 216.81pt x 250.9375pt>
File: ./images/deploy-backend1.png Graphic file (type png)
<use ./images/deploy-backend1.png>
Package pdftex.def Info: ./images/deploy-backend1.png  used on input line 654.
(pdftex.def)             Requested size: 108.40472pt x 125.46843pt.
 [43 <./images/deploy-backend1.png>]
<./images/deploy-backend2.png, id=775, 875.27pt x 377.41pt>
File: ./images/deploy-backend2.png Graphic file (type png)
<use ./images/deploy-backend2.png>
Package pdftex.def Info: ./images/deploy-backend2.png  used on input line 672.
(pdftex.def)             Requested size: 437.63393pt x 188.70453pt.

Overfull \hbox (56.8409pt too wide) in paragraph at lines 671--673
 []|  [] 
 []

[44 <./images/deploy-backend2.png>] [45]
<./images/postgres-diagram.png, id=785, 1116.17pt x 1591.9475pt>
File: ./images/postgres-diagram.png Graphic file (type png)
<use ./images/postgres-diagram.png>
Package pdftex.def Info: ./images/postgres-diagram.png  used on input line 712.

(pdftex.def)             Requested size: 558.08363pt x 795.9718pt.

Overfull \hbox (200.05287pt too wide) in paragraph at lines 711--713
 []|  [] 
 []


Underfull \vbox (badness 10000) has occurred while \output is active []

 [46]
Underfull \vbox (badness 10000) has occurred while \output is active []

 [47]
Overfull \vbox (252.50584pt too high) has occurred while \output is active []


[48pdfTeX warning (ext4): destination with the same identifier (name{figure.4.3
}) has been already used, duplicate ignored

\AtBegShi@Output ...ipout \box \AtBeginShipoutBox 
                                                  \fi \fi 
l.714 
       <./images/postgres-diagram.png>]
<./images/redis-diagram.png, id=802, 2232.34pt x 1591.9475pt>
File: ./images/redis-diagram.png Graphic file (type png)
<use ./images/redis-diagram.png>
Package pdftex.def Info: ./images/redis-diagram.png  used on input line 727.
(pdftex.def)             Requested size: 1116.16728pt x 795.9718pt.

Overfull \hbox (624.40868pt too wide) in paragraph at lines 726--728
 []|  [] 
 []


Underfull \vbox (badness 10000) has occurred while \output is active []

 [49]
Underfull \vbox (badness 10000) has occurred while \output is active []

 [50]
Overfull \vbox (250.17253pt too high) has occurred while \output is active []


[51pdfTeX warning (ext4): destination with the same identifier (name{figure.4.4
}) has been already used, duplicate ignored

\AtBegShi@Output ...ipout \box \AtBeginShipoutBox 
                                                  \fi \fi 
l.729 
       <./images/redis-diagram.png>] [52]
<./images/ingress-diagram.png, id=823, 1116.17pt x 1591.9475pt>
File: ./images/ingress-diagram.png Graphic file (type png)
<use ./images/ingress-diagram.png>
Package pdftex.def Info: ./images/ingress-diagram.png  used on input line 761.
(pdftex.def)             Requested size: 558.08363pt x 795.9718pt.

Overfull \hbox (219.96971pt too wide) in paragraph at lines 760--762
 []|  [] 
 []


Underfull \vbox (badness 10000) has occurred while \output is active []

 [53]
Underfull \vbox (badness 10000) has occurred while \output is active []

 [54]
Overfull \vbox (252.50584pt too high) has occurred while \output is active []


[55pdfTeX warning (ext4): destination with the same identifier (name{figure.4.5
}) has been already used, duplicate ignored

\AtBegShi@Output ...ipout \box \AtBeginShipoutBox 
                                                  \fi \fi 
l.763 
       <./images/ingress-diagram.png>]
<./images/kube-ingress1.png, id=838, 533.995pt x 167.62625pt>
File: ./images/kube-ingress1.png Graphic file (type png)
<use ./images/kube-ingress1.png>
Package pdftex.def Info: ./images/kube-ingress1.png  used on input line 775.
(pdftex.def)             Requested size: 266.99684pt x 83.81291pt.
 [56 <./images/kube-ingress1.png>]
<./images/kube-ingress2.png, id=843, 422.57875pt x 714.67pt>
File: ./images/kube-ingress2.png Graphic file (type png)
<use ./images/kube-ingress2.png>
Package pdftex.def Info: ./images/kube-ingress2.png  used on input line 791.
(pdftex.def)             Requested size: 211.28885pt x 357.33412pt.

[57 <./images/kube-ingress2.png>] [58]
<./images/docker-config.png, id=852, 813.0375pt x 211.79124pt>
File: ./images/docker-config.png Graphic file (type png)
<use ./images/docker-config.png>
Package pdftex.def Info: ./images/docker-config.png  used on input line 815.
(pdftex.def)             Requested size: 406.51776pt x 105.89536pt.

Overfull \hbox (22.87927pt too wide) in paragraph at lines 814--816
 []|  [] 
 []


Overfull \hbox (5.51701pt too wide) in paragraph at lines 830--831
\T1/lmr/m/n/10.95 built-in vari-ables CI_REGISTRY_USER, CI_REGISTRY_PASSWORD, a
nd
 []

[59 <./images/docker-config.png>]
<./images/runner-values.png, id=858, 454.69875pt x 190.7125pt>
File: ./images/runner-values.png Graphic file (type png)
<use ./images/runner-values.png>
Package pdftex.def Info: ./images/runner-values.png  used on input line 854.
(pdftex.def)             Requested size: 227.34882pt x 95.356pt.
 [60] [61 <./images/runner-values.png>]
<./images/gitlab-ci-stages.png, id=867, 210.7875pt x 200.75pt>
File: ./images/gitlab-ci-stages.png Graphic file (type png)
<use ./images/gitlab-ci-stages.png>
Package pdftex.def Info: ./images/gitlab-ci-stages.png  used on input line 870.

(pdftex.def)             Requested size: 105.3935pt x 100.37474pt.
<./images/gitlab-ci-build.png, id=868, 801.99625pt x 361.35pt>
File: ./images/gitlab-ci-build.png Graphic file (type png)
<use ./images/gitlab-ci-build.png>
Package pdftex.def Info: ./images/gitlab-ci-build.png  used on input line 878.
(pdftex.def)             Requested size: 400.99713pt x 180.67456pt.

Overfull \hbox (25.89456pt too wide) in paragraph at lines 877--879
 []|  [] 
 []

<./images/gitlab-ci-deploy.png, id=869, 873.2625pt x 397.485pt>
File: ./images/gitlab-ci-deploy.png Graphic file (type png)
<use ./images/gitlab-ci-deploy.png>
Package pdftex.def Info: ./images/gitlab-ci-deploy.png  used on input line 886.

(pdftex.def)             Requested size: 436.63017pt x 198.742pt.

Overfull \hbox (55.83714pt too wide) in paragraph at lines 885--887
 []|  [] 
 []

[62 <./images/gitlab-ci-stages.png> <./images/gitlab-ci-build.png>]
Overfull \hbox (7.67848pt too wide) in paragraph at lines 895--896
\T1/lmr/m/n/10.95 Cur-rently, the en-vi-ron-men-tal vari-ables KUBE_SERVICEACCO
UNT_TOKEN
 []

[63 <./images/gitlab-ci-deploy.png>] [64] (./thesis.bbl [65

] [66

]
bibitemlist

Underfull \hbox (badness 7963) in paragraph at lines 16--18
[]\T1/lmr/m/n/10.95 Google, Inc. Ku-ber-netes Com-po-nents. [On-line]. [cit. 6.
5.2021].
 []


Underfull \hbox (badness 1502) in paragraph at lines 16--18
\T1/lmr/m/n/10.95 Avail-able from: []$\T1/lmtt/m/n/10.95 https : / / kubernetes
\OML/lmm/m/it/10.95 :\T1/lmtt/m/n/10.95 io / docs / concepts / overview /
 []


Underfull \hbox (badness 10000) in paragraph at lines 20--22
\T1/lmr/m/n/10.95 Avail-able from: []$\T1/lmtt/m/n/10.95 https : / / medium\OML
/lmm/m/it/10.95 :\T1/lmtt/m/n/10.95 com / fme -[] developer -[] stories /
 []

[67]
Underfull \hbox (badness 3312) in paragraph at lines 85--89
[]\T1/lmr/m/n/10.95 Feldman, S. The Cloud Mar-ket Keeps Mov-ing Up-wards. 2019,

 []


Underfull \hbox (badness 4805) in paragraph at lines 85--89
\T1/lmr/m/n/10.95 [On-line]. [cit. 25.4.2021]. Avail-able from: []$\T1/lmtt/m/n
/10.95 Availableonhttps : / /
 []


Underfull \hbox (badness 4582) in paragraph at lines 91--94
[]\T1/lmr/m/n/10.95 Amazon, inc. \T1/lmr/m/it/10.95 AWS Well-Architected Frame-
work\T1/lmr/m/n/10.95 . 2020, [On-line].
 []


Underfull \hbox (badness 10000) in paragraph at lines 91--94
\T1/lmr/m/n/10.95 [cit. 25.4.2021]. Avail-able from: []$\T1/lmtt/m/n/10.95 http
s : / / docs\OML/lmm/m/it/10.95 :\T1/lmtt/m/n/10.95 aws\OML/lmm/m/it/10.95 :\T1
/lmtt/m/n/10.95 amazon\OML/lmm/m/it/10.95 :\T1/lmtt/m/n/10.95 com /
 []


Underfull \hbox (badness 10000) in paragraph at lines 91--94
\T1/lmtt/m/n/10.95 wellarchitected / latest / framework / wellarchitected -[]
 []


Underfull \hbox (badness 5403) in paragraph at lines 112--114
[]\T1/lmr/m/n/10.95 Docker, Inc. How nodes work. [On-line]. [cit. 5.4.2021]. Av
ail-
 []

[68]
Underfull \hbox (badness 2096) in paragraph at lines 116--118
[]\T1/lmr/m/n/10.95 Google, Inc. [On-line]. [cit. 29.4.2021]. Avail-able from: 
[]$\T1/lmtt/m/n/10.95 https : / /
 []


Underfull \hbox (badness 5533) in paragraph at lines 120--123
[]\T1/lmr/m/n/10.95 Gunaratne, I. A New Era of Con-tainer Clus-ter Man-age-ment

 []


Underfull \hbox (badness 3826) in paragraph at lines 120--123
\T1/lmr/m/n/10.95 with Ku-ber-netes. 2016, [On-line]. [cit. 8.4.2021]. Avail-ab
le from:
 []


Underfull \hbox (badness 10000) in paragraph at lines 120--123
[]$\T1/lmtt/m/n/10.95 https : / / medium\OML/lmm/m/it/10.95 :\T1/lmtt/m/n/10.95
 com / containermind / a -[] new -[] era -[] of -[] container -[]
 []


Underfull \hbox (badness 2393) in paragraph at lines 130--133
[]\T1/lmr/m/n/10.95 Juggery, L. A Closer Look at Etcd: The Brain of a Ku-ber-
 []


Underfull \hbox (badness 10000) in paragraph at lines 130--133
\T1/lmr/m/n/10.95 netes Clus-ter. 2019, [On-line]. [cit. 2.5.2021]. Avail-able 
from:
 []


Underfull \hbox (badness 10000) in paragraph at lines 130--133
[]$\T1/lmtt/m/n/10.95 https : / / betterprogramming\OML/lmm/m/it/10.95 :\T1/lmt
t/m/n/10.95 pub / a -[] closer -[] look -[] at -[] etcd -[] the -[]
 []

[69]
Underfull \hbox (badness 10000) in paragraph at lines 184--186
\T1/lmr/m/n/10.95 Avail-able from: []$\T1/lmtt/m/n/10.95 https : / / blog\OML/l
mm/m/it/10.95 :\T1/lmtt/m/n/10.95 bitnami\OML/lmm/m/it/10.95 :\T1/lmtt/m/n/10.9
5 com / 2019 / 05 / vmware -[] to -[]
 []


Underfull \hbox (badness 1371) in paragraph at lines 191--193
[]\T1/lmr/m/n/10.95 Mani, S. Highly avail-able Re-dis ar-chi-tec-ture. 2018, [O
n-line]. [cit.
 []


Underfull \hbox (badness 5388) in paragraph at lines 191--193
\T1/lmr/m/n/10.95 9.5.2021]. Avail-able from: []$\T1/lmtt/m/n/10.95 https : / /
 medium\OML/lmm/m/it/10.95 :\T1/lmtt/m/n/10.95 com / kokster / highly -[]
 []

) [70] [71

] [72

]
<./images/legend.png, id=970, 552.0625pt x 390.45876pt>
File: ./images/legend.png Graphic file (type png)
<use ./images/legend.png>
Package pdftex.def Info: ./images/legend.png  used on input line 947.
(pdftex.def)             Requested size: 386.4411pt x 273.31926pt.

Overfull \hbox (5.64807pt too wide) in paragraph at lines 946--948
 []|  [] 
 []

[73 <./images/legend.png>] [74

] [75]
\tf@toc=\write5
\openout5 = `thesis.toc'.

\tf@lof=\write6
\openout6 = `thesis.lof'.

Package atveryend Info: Empty hook `BeforeClearDocument' on input line 965.
Package atveryend Info: Empty hook `AfterLastShipout' on input line 965.
 (./thesis.aux)
Package atveryend Info: Executing hook `AtVeryEndDocument' on input line 965.
Package atveryend Info: Executing hook `AtEndAfterFileList' on input line 965.
Package rerunfilecheck Info: File `thesis.out' has not changed.
(rerunfilecheck)             Checksum: 13CEE28B0971109B4812F23C97340CDF;10071.


LaTeX Font Warning: Some font shapes were not available, defaults substituted.

Package atveryend Info: Empty hook `AtVeryVeryEnd' on input line 965.
 ) 
Here is how much of TeX's memory you used:
 15231 strings out of 482368
 218895 string characters out of 5941918
 522943 words of memory out of 5000000
 29876 multiletter control sequences out of 15000+600000
 591292 words of font info for 53 fonts, out of 8000000 for 9000
 428 hyphenation exceptions out of 8191
 41i,18n,45p,1761b,530s stack positions out of 5000i,500n,10000p,200000b,80000s
{/usr/share/texmf/fonts/enc/dvips/lm/lm-mathit.enc}{/usr/share/texmf/fonts/en
c/dvips/lm/lm-ec.enc}{/usr/share/texmf/fonts/enc/dvips/lm/lm-ts1.enc}</usr/shar
e/texmf/fonts/type1/public/lm/lmbx10.pfb></usr/share/texmf/fonts/type1/public/l
m/lmbx12.pfb></usr/share/texmf/fonts/type1/public/lm/lmbxi10.pfb></usr/share/te
xmf/fonts/type1/public/lm/lmcsc10.pfb></usr/share/texmf/fonts/type1/public/lm/l
mmi10.pfb></usr/share/texmf/fonts/type1/public/lm/lmr10.pfb></usr/share/texmf/f
onts/type1/public/lm/lmr12.pfb></usr/share/texmf/fonts/type1/public/lm/lmri10.p
fb></usr/share/texmf/fonts/type1/public/lm/lmssbx10.pfb></usr/share/texmf/fonts
/type1/public/lm/lmtt10.pfb>
Output written on thesis.pdf (89 pages, 1334313 bytes).
PDF statistics:
 1075 PDF objects out of 1200 (max. 8388607)
 917 compressed objects within 10 object streams
 224 named destinations out of 1000 (max. 500000)
 734 words of extra memory for PDF output out of 10000 (max. 10000000)

