\BOOKMARK [0][-]{chapter*.7}{\376\377\000I\000n\000t\000r\000o\000d\000u\000c\000t\000i\000o\000n}{}% 1
\BOOKMARK [1][-]{section*.8}{\376\377\000M\000o\000t\000i\000v\000a\000t\000i\000o\000n}{chapter*.7}% 2
\BOOKMARK [0][-]{chapter.1}{\376\377\000A\000r\000c\000h\000i\000t\000e\000c\000t\000u\000r\000e\000\040\000o\000f\000\040\000L\000e\000a\000r\000n\000S\000h\000e\000l\000l}{}% 3
\BOOKMARK [1][-]{section.1.1}{\376\377\000O\000v\000e\000r\000v\000i\000e\000w}{chapter.1}% 4
\BOOKMARK [1][-]{section.1.2}{\376\377\000A\000r\000c\000h\000i\000t\000e\000c\000t\000u\000r\000e}{chapter.1}% 5
\BOOKMARK [2][-]{subsection.1.2.1}{\376\377\000P\000r\000o\000x\000y\000\040\000s\000e\000r\000v\000e\000r}{section.1.2}% 6
\BOOKMARK [2][-]{subsection.1.2.2}{\376\377\000F\000r\000o\000n\000t\000\040\000e\000n\000d}{section.1.2}% 7
\BOOKMARK [2][-]{subsection.1.2.3}{\376\377\000B\000a\000c\000k\000\040\000e\000n\000d}{section.1.2}% 8
\BOOKMARK [2][-]{subsection.1.2.4}{\376\377\000D\000i\000s\000t\000r\000i\000b\000u\000t\000e\000d\000\040\000t\000a\000s\000k\000\040\000q\000u\000e\000u\000e}{section.1.2}% 9
\BOOKMARK [2][-]{subsection.1.2.5}{\376\377\000D\000a\000t\000a\000b\000a\000s\000e}{section.1.2}% 10
\BOOKMARK [2][-]{subsection.1.2.6}{\376\377\000G\000e\000n\000e\000r\000a\000t\000o\000r}{section.1.2}% 11
\BOOKMARK [2][-]{subsection.1.2.7}{\376\377\000E\000v\000a\000l\000u\000a\000t\000o\000r}{section.1.2}% 12
\BOOKMARK [1][-]{section.1.3}{\376\377\000P\000o\000t\000e\000n\000t\000i\000a\000l\000\040\000i\000m\000p\000r\000o\000v\000e\000m\000e\000n\000t\000s}{chapter.1}% 13
\BOOKMARK [2][-]{subsection.1.3.1}{\376\377\000H\000i\000g\000h\000\040\000a\000v\000a\000i\000l\000a\000b\000i\000l\000i\000t\000y}{section.1.3}% 14
\BOOKMARK [2][-]{subsection.1.3.2}{\376\377\000L\000o\000a\000d\000\040\000b\000a\000l\000a\000n\000c\000i\000n\000g}{section.1.3}% 15
\BOOKMARK [2][-]{subsection.1.3.3}{\376\377\000C\000I\000/\000C\000D}{section.1.3}% 16
\BOOKMARK [2][-]{subsection.1.3.4}{\376\377\000S\000t\000a\000g\000i\000n\000g\000\040\000e\000n\000v\000i\000r\000o\000n\000m\000e\000n\000t}{section.1.3}% 17
\BOOKMARK [2][-]{subsection.1.3.5}{\376\377\000L\000o\000g\000g\000i\000n\000g\000\040\000a\000n\000d\000\040\000m\000o\000n\000i\000t\000o\000r\000i\000n\000g\000\040\000i\000n\000f\000r\000a\000s\000t\000r\000u\000c\000t\000u\000r\000e}{section.1.3}% 18
\BOOKMARK [0][-]{chapter.2}{\376\377\000C\000o\000n\000t\000a\000i\000n\000e\000r\000i\000z\000a\000t\000i\000o\000n\000\040\000a\000n\000d\000\040\000O\000r\000c\000h\000e\000s\000t\000r\000a\000t\000i\000o\000n}{}% 19
\BOOKMARK [1][-]{section.2.1}{\376\377\000T\000h\000e\000o\000r\000e\000t\000i\000c\000a\000l\000\040\000c\000o\000n\000c\000e\000p\000t\000s}{chapter.2}% 20
\BOOKMARK [2][-]{subsection.2.1.1}{\376\377\000V\000i\000r\000t\000u\000a\000l\000i\000z\000a\000t\000i\000o\000n}{section.2.1}% 21
\BOOKMARK [2][-]{subsection.2.1.2}{\376\377\000C\000o\000n\000t\000a\000i\000n\000e\000r\000i\000z\000a\000t\000i\000o\000n}{section.2.1}% 22
\BOOKMARK [2][-]{subsection.2.1.3}{\376\377\000O\000r\000c\000h\000e\000s\000t\000r\000a\000t\000i\000o\000n}{section.2.1}% 23
\BOOKMARK [2][-]{subsection.2.1.4}{\376\377\000C\000l\000o\000u\000d\000\040\000c\000o\000m\000p\000u\000t\000i\000n\000g}{section.2.1}% 24
\BOOKMARK [1][-]{section.2.2}{\376\377\000T\000e\000c\000h\000n\000o\000l\000o\000g\000i\000e\000s}{chapter.2}% 25
\BOOKMARK [2][-]{subsection.2.2.1}{\376\377\000D\000o\000c\000k\000e\000r}{section.2.2}% 26
\BOOKMARK [2][-]{subsection.2.2.2}{\376\377\000D\000o\000c\000k\000e\000r\000\040\000C\000o\000m\000p\000o\000s\000e}{section.2.2}% 27
\BOOKMARK [2][-]{subsection.2.2.3}{\376\377\000D\000o\000c\000k\000e\000r\000\040\000S\000w\000a\000r\000m}{section.2.2}% 28
\BOOKMARK [1][-]{section.2.3}{\376\377\000K\000u\000b\000e\000r\000n\000e\000t\000e\000s}{chapter.2}% 29
\BOOKMARK [2][-]{subsection.2.3.1}{\376\377\000H\000i\000s\000t\000o\000r\000y}{section.2.3}% 30
\BOOKMARK [2][-]{subsection.2.3.2}{\376\377\000A\000r\000c\000h\000i\000t\000e\000c\000t\000u\000r\000e}{section.2.3}% 31
\BOOKMARK [2][-]{subsection.2.3.3}{\376\377\000B\000u\000i\000l\000d\000i\000n\000g\000\040\000b\000l\000o\000c\000k\000s}{section.2.3}% 32
\BOOKMARK [2][-]{subsection.2.3.4}{\376\377\000A\000u\000t\000h\000e\000n\000t\000i\000c\000a\000t\000i\000o\000n\000\040\000a\000n\000d\000\040\000a\000u\000t\000h\000o\000r\000i\000z\000a\000t\000i\000o\000n}{section.2.3}% 33
\BOOKMARK [0][-]{chapter.3}{\376\377\000L\000e\000a\000r\000n\000S\000h\000e\000l\000l\000\040\000C\000l\000u\000s\000t\000e\000r\000\040\000A\000n\000a\000l\000y\000s\000i\000s}{}% 34
\BOOKMARK [1][-]{section.3.1}{\376\377\000D\000o\000c\000k\000e\000r\000\040\000S\000w\000a\000r\000m\000\040\000v\000s\000.\000\040\000K\000u\000b\000e\000r\000n\000e\000t\000e\000s}{chapter.3}% 35
\BOOKMARK [2][-]{subsection.3.1.1}{\376\377\000G\000e\000n\000e\000r\000a\000l\000\040\000c\000o\000m\000p\000a\000r\000i\000s\000o\000n}{section.3.1}% 36
\BOOKMARK [2][-]{subsection.3.1.2}{\376\377\000P\000r\000o\000j\000e\000c\000t\000-\000s\000p\000e\000c\000i\000f\000i\000c\000\040\000c\000o\000m\000p\000a\000r\000i\000s\000o\000n}{section.3.1}% 37
\BOOKMARK [1][-]{section.3.2}{\376\377\000O\000n\000-\000p\000r\000e\000m\000i\000s\000e\000s\000\040\000v\000s\000\040\000C\000l\000o\000u\000d}{chapter.3}% 38
\BOOKMARK [1][-]{section.3.3}{\376\377\000P\000a\000c\000k\000a\000g\000e\000\040\000m\000a\000n\000a\000g\000e\000r}{chapter.3}% 39
\BOOKMARK [1][-]{section.3.4}{\376\377\000P\000r\000i\000v\000a\000t\000e\000\040\000c\000o\000n\000t\000a\000i\000n\000e\000r\000\040\000r\000e\000g\000i\000s\000t\000r\000y}{chapter.3}% 40
\BOOKMARK [1][-]{section.3.5}{\376\377\000C\000o\000n\000t\000i\000n\000u\000o\000u\000s\000\040\000i\000n\000t\000e\000g\000r\000a\000t\000i\000o\000n\000\040\000a\000n\000d\000\040\000c\000o\000n\000t\000i\000n\000u\000o\000u\000s\000\040\000d\000e\000p\000l\000o\000y\000m\000e\000n\000t}{chapter.3}% 41
\BOOKMARK [0][-]{chapter.4}{\376\377\000L\000e\000a\000r\000n\000S\000h\000e\000l\000l\000\040\000C\000l\000u\000s\000t\000e\000r\000\040\000I\000m\000p\000l\000e\000m\000e\000n\000t\000a\000t\000i\000o\000n}{}% 42
\BOOKMARK [1][-]{section.4.1}{\376\377\000T\000e\000c\000h\000n\000o\000l\000o\000g\000i\000e\000s}{chapter.4}% 43
\BOOKMARK [1][-]{section.4.2}{\376\377\000P\000r\000o\000j\000e\000c\000t\000\040\000s\000t\000r\000u\000c\000t\000u\000r\000e}{chapter.4}% 44
\BOOKMARK [1][-]{section.4.3}{\376\377\000F\000u\000n\000c\000t\000i\000o\000n\000a\000l\000i\000t\000y}{chapter.4}% 45
\BOOKMARK [2][-]{subsection.4.3.1}{\376\377\000D\000o\000c\000u\000m\000e\000n\000t\000a\000t\000i\000o\000n}{section.4.3}% 46
\BOOKMARK [1][-]{section.4.4}{\376\377\000B\000u\000i\000l\000d\000\040\000s\000c\000r\000i\000p\000t\000\040\000i\000n\000-\000d\000e\000p\000t\000h}{chapter.4}% 47
\BOOKMARK [2][-]{subsection.4.4.1}{\376\377\000m\000a\000k\000e\000\040\000h\000e\000l\000p}{section.4.4}% 48
\BOOKMARK [2][-]{subsection.4.4.2}{\376\377\000m\000a\000k\000e\000\040\000c\000l\000e\000a\000n}{section.4.4}% 49
\BOOKMARK [2][-]{subsection.4.4.3}{\376\377\000m\000a\000k\000e}{section.4.4}% 50
\BOOKMARK [1][-]{section.4.5}{\376\377\000D\000e\000p\000l\000o\000y\000m\000e\000n\000t\000s}{chapter.4}% 51
\BOOKMARK [2][-]{subsection.4.5.1}{\376\377\000D\000e\000p\000l\000o\000y\000m\000e\000n\000t\000\040\000c\000o\000n\000f\000i\000g\000u\000r\000a\000t\000i\000o\000n}{section.4.5}% 52
\BOOKMARK [1][-]{section.4.6}{\376\377\000S\000t\000a\000t\000e\000f\000u\000l\000S\000e\000t\000s}{chapter.4}% 53
\BOOKMARK [2][-]{subsection.4.6.1}{\376\377\000P\000o\000s\000t\000g\000r\000e\000S\000Q\000L}{section.4.6}% 54
\BOOKMARK [2][-]{subsection.4.6.2}{\376\377\000R\000e\000d\000i\000s}{section.4.6}% 55
\BOOKMARK [1][-]{section.4.7}{\376\377\000N\000e\000t\000w\000o\000r\000k\000i\000n\000g}{chapter.4}% 56
\BOOKMARK [2][-]{subsection.4.7.1}{\376\377\000S\000e\000r\000v\000i\000c\000e\000s}{section.4.7}% 57
\BOOKMARK [2][-]{subsection.4.7.2}{\376\377\000I\000n\000g\000r\000e\000s\000s}{section.4.7}% 58
\BOOKMARK [2][-]{subsection.4.7.3}{\376\377\000I\000n\000g\000r\000e\000s\000s\000\040\000c\000o\000n\000f\000i\000g\000u\000r\000a\000t\000i\000o\000n}{section.4.7}% 59
\BOOKMARK [1][-]{section.4.8}{\376\377\000P\000r\000i\000v\000a\000t\000e\000\040\000c\000o\000n\000t\000a\000i\000n\000e\000r\000\040\000r\000e\000g\000i\000s\000t\000r\000y}{chapter.4}% 60
\BOOKMARK [2][-]{subsection.4.8.1}{\376\377\000A\000u\000t\000h\000e\000n\000t\000i\000c\000a\000t\000i\000o\000n}{section.4.8}% 61
\BOOKMARK [2][-]{subsection.4.8.2}{\376\377\000P\000o\000t\000e\000n\000t\000i\000a\000l\000\040\000i\000m\000p\000r\000o\000v\000e\000m\000e\000n\000t\000s}{section.4.8}% 62
\BOOKMARK [1][-]{section.4.9}{\376\377\000C\000I\000/\000C\000D\000\040\000i\000m\000p\000l\000e\000m\000e\000n\000t\000a\000t\000i\000o\000n}{chapter.4}% 63
\BOOKMARK [2][-]{subsection.4.9.1}{\376\377\000G\000i\000t\000l\000a\000b\000\040\000R\000u\000n\000n\000e\000r\000s}{section.4.9}% 64
\BOOKMARK [2][-]{subsection.4.9.2}{\376\377\000C\000I\000/\000C\000D\000\040\000p\000i\000p\000e\000l\000i\000n\000e\000\040\000c\000o\000n\000f\000i\000g\000u\000r\000a\000t\000i\000o\000n}{section.4.9}% 65
\BOOKMARK [2][-]{subsection.4.9.3}{\376\377\000P\000o\000t\000e\000n\000t\000i\000a\000l\000\040\000i\000m\000p\000r\000o\000v\000e\000m\000e\000n\000t\000s}{section.4.9}% 66
\BOOKMARK [0][-]{chapter*.9}{\376\377\000C\000o\000n\000c\000l\000u\000s\000i\000o\000n}{}% 67
\BOOKMARK [0][-]{chapter*.10}{\376\377\000B\000i\000b\000l\000i\000o\000g\000r\000a\000p\000h\000y}{}% 68
\BOOKMARK [0][-]{appendix.A}{\376\377\000A\000c\000r\000o\000n\000y\000m\000s}{}% 69
\BOOKMARK [0][-]{appendix.B}{\376\377\000K\000u\000b\000e\000r\000n\000e\000t\000e\000s\000\040\000d\000i\000a\000g\000r\000a\000m\000\040\000l\000e\000g\000e\000n\000d}{}% 70
\BOOKMARK [0][-]{appendix.C}{\376\377\000C\000o\000n\000t\000e\000n\000t\000s\000\040\000o\000f\000\040\000e\000n\000c\000l\000o\000s\000e\000d\000\040\000C\000D}{}% 71
